<?xml version="1.0" encoding="utf-8"?>
<TestRun id="ea627b6c-f74b-49cd-a829-09714a6e6d72" name="@illmatic 2022-11-16 09:37:14" xmlns="http://microsoft.com/schemas/VisualStudio/TeamTest/2010">
  <Times creation="2022-11-16T09:37:14.1819548+01:00" queuing="2022-11-16T09:37:14.1819548+01:00" start="2022-11-16T09:37:13.3477309+01:00" finish="2022-11-16T09:37:14.1893042+01:00" />
  <TestSettings name="default" id="09dfd443-9de8-4708-9a7f-1e56becd659a">
    <Deployment runDeploymentRoot="_illmatic_2022-11-16_09_37_14" />
  </TestSettings>
  <Results>
    <UnitTestResult executionId="e3eef2ef-154c-40af-9921-33c66baa1674" testId="234bc1e1-0d0b-2240-9f26-fbd9f348255b" testName="Tests.Fail every time" computerName="illmatic" duration="00:00:00.0008037" startTime="2022-11-16T09:37:14.1083531+01:00" endTime="2022-11-16T09:37:14.1083532+01:00" testType="13cdc9d9-ddb5-4fa4-a97d-d965ccfc6d4b" outcome="Failed" testListId="8c84fa94-04c1-424b-9868-57a2d4851a1d" relativeResultsDirectory="e3eef2ef-154c-40af-9921-33c66baa1674">
      <Output>
        <ErrorInfo>
          <Message>Assert.True() Failure
Expected: True
Actual:   False</Message>
          <StackTrace>   at Tests.Fail every time() in /home/uwe/Projekte/FSharpHttpRequest/Tester/Tests.fs:line 11</StackTrace>
        </ErrorInfo>
      </Output>
    </UnitTestResult>
    <UnitTestResult executionId="ef498ec1-03dc-4f75-9c57-b1ee7f2203ec" testId="ba710d20-1eea-90d5-70f9-6b28311c5ca4" testName="Tests.My test" computerName="illmatic" duration="00:00:00.0015885" startTime="2022-11-16T09:37:14.0990788+01:00" endTime="2022-11-16T09:37:14.0990993+01:00" testType="13cdc9d9-ddb5-4fa4-a97d-d965ccfc6d4b" outcome="Passed" testListId="8c84fa94-04c1-424b-9868-57a2d4851a1d" relativeResultsDirectory="ef498ec1-03dc-4f75-9c57-b1ee7f2203ec" />
  </Results>
  <TestDefinitions>
    <UnitTest name="Tests.My test" storage="/home/uwe/projekte/fsharphttprequest/tester/bin/debug/net6.0/tester.dll" id="ba710d20-1eea-90d5-70f9-6b28311c5ca4">
      <Execution id="ef498ec1-03dc-4f75-9c57-b1ee7f2203ec" />
      <TestMethod codeBase="/home/uwe/Projekte/FSharpHttpRequest/Tester/bin/Debug/net6.0/Tester.dll" adapterTypeName="executor://xunit/VsTestRunner2/netcoreapp" className="Tests" name="My test" />
    </UnitTest>
    <UnitTest name="Tests.Fail every time" storage="/home/uwe/projekte/fsharphttprequest/tester/bin/debug/net6.0/tester.dll" id="234bc1e1-0d0b-2240-9f26-fbd9f348255b">
      <Execution id="e3eef2ef-154c-40af-9921-33c66baa1674" />
      <TestMethod codeBase="/home/uwe/Projekte/FSharpHttpRequest/Tester/bin/Debug/net6.0/Tester.dll" adapterTypeName="executor://xunit/VsTestRunner2/netcoreapp" className="Tests" name="Fail every time" />
    </UnitTest>
  </TestDefinitions>
  <TestEntries>
    <TestEntry testId="234bc1e1-0d0b-2240-9f26-fbd9f348255b" executionId="e3eef2ef-154c-40af-9921-33c66baa1674" testListId="8c84fa94-04c1-424b-9868-57a2d4851a1d" />
    <TestEntry testId="ba710d20-1eea-90d5-70f9-6b28311c5ca4" executionId="ef498ec1-03dc-4f75-9c57-b1ee7f2203ec" testListId="8c84fa94-04c1-424b-9868-57a2d4851a1d" />
  </TestEntries>
  <TestLists>
    <TestList name="Results Not in a List" id="8c84fa94-04c1-424b-9868-57a2d4851a1d" />
    <TestList name="All Loaded Results" id="19431567-8539-422a-85d7-44ee4e166bda" />
  </TestLists>
  <ResultSummary outcome="Failed">
    <Counters total="2" executed="2" passed="1" failed="1" error="0" timeout="0" aborted="0" inconclusive="0" passedButRunAborted="0" notRunnable="0" notExecuted="0" disconnected="0" warning="0" completed="0" inProgress="0" pending="0" />
    <Output>
      <StdOut>[xUnit.net 00:00:00.00] xUnit.net VSTest Adapter v2.4.3+1b45f5407b (64-bit .NET 6.0.10)
[xUnit.net 00:00:00.33]   Discovering: Tester
[xUnit.net 00:00:00.36]   Discovered:  Tester
[xUnit.net 00:00:00.36]   Starting:    Tester
[xUnit.net 00:00:00.42]       Assert.True() Failure
[xUnit.net 00:00:00.42]       Expected: True
[xUnit.net 00:00:00.42]       Actual:   False
[xUnit.net 00:00:00.42]       Stack Trace:
[xUnit.net 00:00:00.42]         /home/uwe/Projekte/FSharpHttpRequest/Tester/Tests.fs(11,0): at Tests.Fail every time()
[xUnit.net 00:00:00.42]   Finished:    Tester
</StdOut>
    </Output>
    <RunInfos>
      <RunInfo computerName="illmatic" outcome="Error" timestamp="2022-11-16T09:37:14.1064190+01:00">
        <Text>[xUnit.net 00:00:00.42]     Tests.Fail every time [FAIL]</Text>
      </RunInfo>
    </RunInfos>
  </ResultSummary>
</TestRun>